<?xml version="1.0" encoding="UTF-8"?>
<testng-results ignored="0" total="1" passed="1" failed="0" skipped="0">
  <reporter-output>
  </reporter-output>
  <suite started-at="2026-03-30T15:53:54 IST" name="Default suite" finished-at="2026-03-30T15:54:45 IST" duration-ms="50417">
    <groups>
    </groups>
    <test started-at="2026-03-30T15:53:54 IST" name="Default test" finished-at="2026-03-30T15:54:45 IST" duration-ms="50417">
      <class name="Tests.LambdaTest_RegisterTest">
        <test-method is-config="true" signature="setup()[pri:0, instance:Tests.LambdaTest_RegisterTest@222545dc]" started-at="2026-03-30T15:53:54 IST" name="setup" finished-at="2026-03-30T15:54:42 IST" duration-ms="47276" status="PASS">
          <reporter-output>
          </reporter-output>
        </test-method> <!-- setup -->
        <test-method signature="verify_lambdaTest_Register()[pri:0, instance:Tests.LambdaTest_RegisterTest@222545dc]" started-at="2026-03-30T15:54:42 IST" name="verify_lambdaTest_Register" finished-at="2026-03-30T15:54:43 IST" duration-ms="1347" status="PASS">
          <reporter-output>
          </reporter-output>
        </test-method> <!-- verify_lambdaTest_Register -->
        <test-method is-config="true" signature="tearDown()[pri:0, instance:Tests.LambdaTest_RegisterTest@222545dc]" started-at="2026-03-30T15:54:43 IST" name="tearDown" finished-at="2026-03-30T15:54:45 IST" duration-ms="1719" status="PASS">
          <reporter-output>
          </reporter-output>
        </test-method> <!-- tearDown -->
      </class> <!-- Tests.LambdaTest_RegisterTest -->
    </test> <!-- Default test -->
  </suite> <!-- Default suite -->
</testng-results>
